<?xml version="1.0" encoding="UTF-8"?>
<!-- Generated by org.testng.reporters.JUnitReportReporter -->
<testsuite skipped="0" hostname="DESKTOP-5FLIL4G" name="jj.Testclass1" tests="1" failures="0" timestamp="08 Apr 2019 06:56:02 GMT" time="11.522" errors="0">
  <testcase name="f" time="11.522" classname="jj.Testclass1"/>
</testsuite> <!-- jj.Testclass1 -->
