<?xml version="1.0" encoding="UTF-8"?>
<testsuite name="jj.Testclass1" tests="1" skipped="0" failures="0" errors="0" timestamp="2019-04-08T06:56:02" hostname="DESKTOP-5FLIL4G" time="0.004">
  <properties/>
  <testcase name="f" classname="jj.Testclass1" time="0.004"/>
  <system-out><![CDATA[]]></system-out>
  <system-err><![CDATA[Starting ChromeDriver 73.0.3683.20 (8e2b610813e167eee3619ac4ce6e42e3ec622017) on port 44716
Only local connections are allowed.
Please protect ports used by ChromeDriver and related test frameworks to prevent access by malicious code.
Apr 08, 2019 11:55:53 AM org.openqa.selenium.remote.ProtocolHandshake createSession
INFO: Detected dialect: OSS
]]></system-err>
</testsuite>
